C:\Users\woochan\Desktop\gomoku_ai\.\Release\OmDev.exe
C:\Users\woochan\Desktop\gomoku_ai\.\Release\OmDev.exe.intermediate.manifest
C:\USERS\WOOCHAN\DESKTOP\GOMOKU_AI\RELEASE\201701001.OBJ
C:\Users\woochan\Desktop\gomoku_ai\Release\cl.command.1.tlog
C:\Users\woochan\Desktop\gomoku_ai\Release\CL.read.1.tlog
C:\Users\woochan\Desktop\gomoku_ai\Release\CL.write.1.tlog
C:\Users\woochan\Desktop\gomoku_ai\Release\link.command.1.tlog
C:\Users\woochan\Desktop\gomoku_ai\Release\link.read.1.tlog
C:\Users\woochan\Desktop\gomoku_ai\Release\link.write.1.tlog
C:\Users\woochan\Desktop\gomoku_ai\Release\link-cvtres.read.1.tlog
C:\Users\woochan\Desktop\gomoku_ai\Release\link-cvtres.write.1.tlog
C:\Users\woochan\Desktop\gomoku_ai\Release\mt.command.1.tlog
C:\Users\woochan\Desktop\gomoku_ai\Release\mt.read.1.tlog
C:\Users\woochan\Desktop\gomoku_ai\Release\mt.write.1.tlog
C:\USERS\WOOCHAN\DESKTOP\GOMOKU_AI\RELEASE\OMDEV.EXE
C:\Users\woochan\Desktop\gomoku_ai\Release\OmDev.exe.intermediate.manifest
C:\USERS\WOOCHAN\DESKTOP\GOMOKU_AI\RELEASE\OMDEV.OBJ
C:\USERS\WOOCHAN\DESKTOP\GOMOKU_AI\RELEASE\OMDEV.PCH
C:\USERS\WOOCHAN\DESKTOP\GOMOKU_AI\RELEASE\OMDEV.RES
C:\Users\woochan\Desktop\gomoku_ai\Release\OmDev.vcxprojResolveAssemblyReference.cache
C:\Users\woochan\Desktop\gomoku_ai\Release\OmDev.write.1.tlog
C:\USERS\WOOCHAN\DESKTOP\GOMOKU_AI\RELEASE\OMDEVDLG.OBJ
C:\Users\woochan\Desktop\gomoku_ai\Release\rc.command.1.tlog
C:\Users\woochan\Desktop\gomoku_ai\Release\rc.read.1.tlog
C:\Users\woochan\Desktop\gomoku_ai\Release\rc.write.1.tlog
C:\USERS\WOOCHAN\DESKTOP\GOMOKU_AI\RELEASE\STDAFX.OBJ
C:\USERS\WOOCHAN\DESKTOP\GOMOKU_AI\RELEASE\VC100.PDB
